[0812/205457:VERBOSE1:pulse_stubs.cc(623)] dlopen(libpulse.so.0) failed, dlerror() says:

[0812/205457:VERBOSE1:pref_proxy_config_tracker_impl.cc(148)] 0x7f7bc4051450: set chrome proxy config service to 0x7f7bc40837e0
[0812/205457:VERBOSE1:pref_proxy_config_tracker_impl.cc(274)] 0x7f7bc4051450: Done pushing proxy to UpdateProxyConfig
[0812/205752:VERBOSE1:pulse_stubs.cc(623)] dlopen(libpulse.so.0) failed, dlerror() says:

[0812/205752:VERBOSE1:pref_proxy_config_tracker_impl.cc(148)] 0x7f771c051450: set chrome proxy config service to 0x7f771c06d990
[0812/205752:VERBOSE1:pref_proxy_config_tracker_impl.cc(274)] 0x7f771c051450: Done pushing proxy to UpdateProxyConfig
[0812/210224:VERBOSE1:pulse_stubs.cc(623)] dlopen(libpulse.so.0) failed, dlerror() says:

[0812/210224:VERBOSE1:pref_proxy_config_tracker_impl.cc(148)] 0x7fc9e0051570: set chrome proxy config service to 0x7fc9e0084850
[0812/210224:VERBOSE1:ffmpeg_stubs.cc(713)] dlopen(/tmp/go-build688935704/command-line-arguments/_obj/exe/libffmpegsumo.so) failed, dlerror() says:
/tmp/go-build688935704/command-line-arguments/_obj/exe/libffmpegsumo.so: cannot open shared object file: No such file or directory
[0812/210224:VERBOSE1:pref_proxy_config_tracker_impl.cc(274)] 0x7fc9e0051570: Done pushing proxy to UpdateProxyConfig
[0812/210224:VERBOSE1:ffmpeg_stubs.cc(713)] dlopen(/tmp/go-build688935704/command-line-arguments/_obj/exe/libavutil.so.52) failed, dlerror() says:
/tmp/go-build688935704/command-line-arguments/_obj/exe/libavutil.so.52: cannot open shared object file: No such file or directory
[0812/210224:VERBOSE1:ffmpeg_stubs.cc(713)] dlopen(/tmp/go-build688935704/command-line-arguments/_obj/exe/libavcodec.so.55) failed, dlerror() says:
/tmp/go-build688935704/command-line-arguments/_obj/exe/libavcodec.so.55: cannot open shared object file: No such file or directory
[0812/210224:VERBOSE1:ffmpeg_stubs.cc(713)] dlopen(/tmp/go-build688935704/command-line-arguments/_obj/exe/libavformat.so.55) failed, dlerror() says:
/tmp/go-build688935704/command-line-arguments/_obj/exe/libavformat.so.55: cannot open shared object file: No such file or directory
[0812/210224:VERBOSE1:zygote_main_linux.cc(413)] ZygoteMain: fork delegate is NULL
[0812/210224:ERROR:renderer_main.cc(226)] Running without renderer sandbox
[0812/210224:VERBOSE1:resource_loader.cc(304)] OnResponseStarted: file:///opt/src/paperlesspost/go/src/github.com/paperlesspost/cef2go/example.html
[0812/210224:VERBOSE1:resource_loader.cc(608)] ResponseCompleted: file:///opt/src/paperlesspost/go/src/github.com/paperlesspost/cef2go/example.html
[0812/210224:INFO:CONSOLE(1)] "we outchea", source:  (1)
[0812/210224:VERBOSE1:transport_dib_gtk.cc(52)] Created SysV shared memory region 1343488
[0812/210224:VERBOSE1:x11_util.cc(309)] Got shared memory segment 1376257
[0812/210224:VERBOSE1:x11_util.cc(323)] X got shared memory segment 1376257
[0812/210224:VERBOSE1:x11_util.cc(334)] X attached to shared memory segment 1376257
[0812/210224:VERBOSE1:x11_util.cc(1125)] X attached to shared memory segment 1343488
[0812/210224:VERBOSE1:web_contents_impl.cc(2130)] Failed Provisional Load: file:///opt/src/paperlesspost/go/src/github.com/paperlesspost/cef2go/example.html, error_code: -6, error_description: , is_main_frame: 1, showing_repost_interstitial: 0, frame_id: 1
[0100/000000:VERBOSE1:ipc_sync_channel.cc(385)] Canceling pending sends
